<?xml version="1.0" encoding="UTF-8"?>
<!-- Generated by org.testng.reporters.JUnitXMLReporter -->
<testsuite ignored="1" hostname="LM0002088" failures="0" tests="6" name="Default test" time="0.046" errors="0" timestamp="2024-06-04T12:28:41 IST">
  <testcase classname="test.Basics3" name="WebAPILogin" time="0.005"/>
  <testcase classname="test.Basics3" name="WebAPILogin" time="0.001"/>
  <testcase classname="test.Basics3" name="WebAPILogin" time="0.001"/>
  <testcase classname="test.Basics3" name="MobileLogin" time="0.001"/>
  <testcase classname="test.Basics3" name="WebLogin" time="0.001"/>
  <testcase classname="test.Basics3" name="APILogin" time="0.001"/>
  <testcase classname="test.Basics3" name="WebAPILogin222" time="0.0">
    <ignored/>
  </testcase> <!-- WebAPILogin222 -->
</testsuite> <!-- Default test -->
