<?xml version="1.0" encoding="UTF-8"?>
<testng-results ignored="0" total="2" passed="2" failed="0" skipped="0">
  <reporter-output>
  </reporter-output>
  <suite started-at="2024-06-13T14:52:30 IST" name="Default suite" finished-at="2024-06-13T14:52:43 IST" duration-ms="12242">
    <groups>
    </groups>
    <test started-at="2024-06-13T14:52:30 IST" name="Default test" finished-at="2024-06-13T14:52:43 IST" duration-ms="12242">
      <class name="SeleniumFrameworkBaics.SubmitOrderTest">
        <test-method is-config="true" signature="launchApplication()[pri:0, instance:SeleniumFrameworkBaics.SubmitOrderTest@3646a422]" started-at="2024-06-13T14:52:31 IST" name="launchApplication" finished-at="2024-06-13T14:52:35 IST" duration-ms="3827" status="PASS">
          <reporter-output>
          </reporter-output>
        </test-method> <!-- launchApplication -->
        <test-method signature="submitOrder(java.util.HashMap)[pri:0, instance:SeleniumFrameworkBaics.SubmitOrderTest@3646a422]" started-at="2024-06-13T14:52:35 IST" name="submitOrder" data-provider="getData" finished-at="2024-06-13T14:52:38 IST" duration-ms="2942" status="PASS">
          <params>
            <param index="0">
              <value>
                <![CDATA[{productname=ZARA COAT 3, password=Suits@3004, email=shruti1.thakur@ril.com}]]>
              </value>
            </param>
          </params>
          <reporter-output>
          </reporter-output>
        </test-method> <!-- submitOrder -->
        <test-method is-config="true" signature="tearDown()[pri:0, instance:SeleniumFrameworkBaics.SubmitOrderTest@3646a422]" started-at="2024-06-13T14:52:38 IST" name="tearDown" finished-at="2024-06-13T14:52:38 IST" duration-ms="132" status="PASS">
          <reporter-output>
          </reporter-output>
        </test-method> <!-- tearDown -->
        <test-method is-config="true" signature="launchApplication()[pri:0, instance:SeleniumFrameworkBaics.SubmitOrderTest@3646a422]" started-at="2024-06-13T14:52:38 IST" name="launchApplication" finished-at="2024-06-13T14:52:40 IST" duration-ms="2184" status="PASS">
          <reporter-output>
          </reporter-output>
        </test-method> <!-- launchApplication -->
        <test-method signature="submitOrder(java.util.HashMap)[pri:0, instance:SeleniumFrameworkBaics.SubmitOrderTest@3646a422]" started-at="2024-06-13T14:52:40 IST" name="submitOrder" data-provider="getData" finished-at="2024-06-13T14:52:43 IST" duration-ms="2732" status="PASS">
          <params>
            <param index="0">
              <value>
                <![CDATA[{productname=ZARA COAT 3, password=Suits@3004, email=shruti11.thakur@ril.com}]]>
              </value>
            </param>
          </params>
          <reporter-output>
          </reporter-output>
        </test-method> <!-- submitOrder -->
        <test-method is-config="true" signature="tearDown()[pri:0, instance:SeleniumFrameworkBaics.SubmitOrderTest@3646a422]" started-at="2024-06-13T14:52:43 IST" name="tearDown" finished-at="2024-06-13T14:52:43 IST" duration-ms="118" status="PASS">
          <reporter-output>
          </reporter-output>
        </test-method> <!-- tearDown -->
      </class> <!-- SeleniumFrameworkBaics.SubmitOrderTest -->
    </test> <!-- Default test -->
  </suite> <!-- Default suite -->
</testng-results>
