<?xml version="1.0" encoding="UTF-8"?>
<testng-results ignored="0" total="1" passed="1" failed="0" skipped="0">
  <reporter-output>
  </reporter-output>
  <suite started-at="2024-05-30T15:15:15 IST" name="Default suite" finished-at="2024-05-30T15:15:15 IST" duration-ms="44">
    <groups>
    </groups>
    <test started-at="2024-05-30T15:15:15 IST" name="Default test" finished-at="2024-05-30T15:15:15 IST" duration-ms="44">
      <class name="seleintroduction.JavaStreams1">
        <test-method signature="streamCollect()[pri:0, instance:seleintroduction.JavaStreams1@2e4b8173]" started-at="2024-05-30T15:15:15 IST" name="streamCollect" finished-at="2024-05-30T15:15:15 IST" duration-ms="11" status="PASS">
          <reporter-output>
          </reporter-output>
        </test-method> <!-- streamCollect -->
      </class> <!-- seleintroduction.JavaStreams1 -->
    </test> <!-- Default test -->
  </suite> <!-- Default suite -->
</testng-results>
