<?xml version="1.0" encoding="UTF-8"?>
<testng-results ignored="0" total="1" passed="1" failed="0" skipped="0">
  <reporter-output>
  </reporter-output>
  <suite started-at="2024-06-17T10:09:17 IST" name="Default suite" finished-at="2024-06-17T10:09:23 IST" duration-ms="5155">
    <groups>
    </groups>
    <test started-at="2024-06-17T10:09:17 IST" name="Default test" finished-at="2024-06-17T10:09:23 IST" duration-ms="5155">
      <class name="SeleniumFrameworkBaics.ExtentReportss.ExtendReportDemo">
        <test-method is-config="true" signature="config()[pri:0, instance:SeleniumFrameworkBaics.ExtentReportss.ExtendReportDemo@1a6d8329]" started-at="2024-06-17T10:09:17 IST" name="config" finished-at="2024-06-17T10:09:18 IST" duration-ms="273" status="PASS">
          <reporter-output>
          </reporter-output>
        </test-method> <!-- config -->
        <test-method signature="initialDemo()[pri:0, instance:SeleniumFrameworkBaics.ExtentReportss.ExtendReportDemo@1a6d8329]" started-at="2024-06-17T10:09:18 IST" name="initialDemo" finished-at="2024-06-17T10:09:23 IST" duration-ms="4849" status="PASS">
          <reporter-output>
          </reporter-output>
        </test-method> <!-- initialDemo -->
      </class> <!-- SeleniumFrameworkBaics.ExtentReportss.ExtendReportDemo -->
    </test> <!-- Default test -->
  </suite> <!-- Default suite -->
</testng-results>
