<?xml version="1.0" encoding="UTF-8"?>
<!-- Generated by org.testng.reporters.JUnitXMLReporter -->
<testsuite ignored="5" hostname="LM0002088" failures="0" tests="3" name="Regression" time="0.032" errors="0" timestamp="2024-06-03T17:05:59 IST">
  <testcase classname="test.TestNGBasics" name="SecondDemo" time="0.005"/>
  <testcase classname="test.Basics3" name="WebLogin" time="0.001"/>
  <testcase classname="test.Basics4" name="APILoginhome" time="0.001"/>
  <testcase classname="test.TestNGBasics" name="Demo" time="0.0">
    <ignored/>
  </testcase> <!-- Demo -->
  <testcase classname="test.Basics4" name="MobileLoginhome" time="0.0">
    <ignored/>
  </testcase> <!-- MobileLoginhome -->
  <testcase classname="test.Basics4" name="WebLoginhome" time="0.0">
    <ignored/>
  </testcase> <!-- WebLoginhome -->
  <testcase classname="test.Basics3" name="APILogin" time="0.0">
    <ignored/>
  </testcase> <!-- APILogin -->
  <testcase classname="test.Basics3" name="MobileLogin" time="0.0">
    <ignored/>
  </testcase> <!-- MobileLogin -->
</testsuite> <!-- Regression -->
