<?xml version="1.0" encoding="UTF-8"?>
<!-- Generated by org.testng.reporters.JUnitXMLReporter -->
<testsuite ignored="2" hostname="LM0002088" failures="1" tests="8" name="Test2" time="0.05" errors="0" timestamp="2024-06-04T12:54:21 IST">
  <testcase classname="test.Basics3" name="WebAPILogin" time="0.005"/>
  <testcase classname="test.Basics3" name="WebAPILogin" time="0.001"/>
  <testcase classname="test.Basics3" name="WebAPILogin" time="0.001"/>
  <testcase classname="test.Basics3" name="WebLogin" time="0.002">
    <failure type="java.lang.AssertionError" message="expected [true] but found [false]">
      <![CDATA[java.lang.AssertionError: expected [true] but found [false]
at test.Basics3.WebLogin(Basics3.java:22)
at java.base/java.util.ArrayList.forEach(ArrayList.java:1511)
at java.base/java.util.concurrent.FutureTask.run(FutureTask.java:264)
at java.base/java.util.concurrent.ThreadPoolExecutor.runWorker(ThreadPoolExecutor.java:1136)
at java.base/java.util.concurrent.ThreadPoolExecutor$Worker.run(ThreadPoolExecutor.java:635)
at java.base/java.lang.Thread.run(Thread.java:840)
... Removed 22 stack frames]]>
    </failure>
  </testcase> <!-- WebLogin -->
  <testcase classname="test.Basics4" name="APILoginhome" time="0.001"/>
  <testcase classname="test.Basics4" name="MobileLoginhome" time="0.001"/>
  <testcase classname="test.Basics4" name="WebLoginhome" time="0.001"/>
  <testcase classname="test.Basics3" name="APILogin" time="0.001"/>
  <testcase classname="test.Basics3" name="MobileLogin" time="0.0">
    <ignored/>
  </testcase> <!-- MobileLogin -->
  <testcase classname="test.Basics3" name="WebAPILogin222" time="0.0">
    <ignored/>
  </testcase> <!-- WebAPILogin222 -->
</testsuite> <!-- Test2 -->
